C:\WORKING\PROJECTFOOBAR\PFC\DEBUG\PFC.PCH
C:\WORKING\PROJECTFOOBAR\PFC\DEBUG\STDAFX.OBJ
C:\WORKING\PROJECTFOOBAR\PFC\DEBUG\VC110.PDB
C:\WORKING\PROJECTFOOBAR\PFC\DEBUG\UTF8.OBJ
C:\WORKING\PROJECTFOOBAR\PFC\DEBUG\THREADS.OBJ
C:\WORKING\PROJECTFOOBAR\PFC\DEBUG\STRING_CONV.OBJ
C:\WORKING\PROJECTFOOBAR\PFC\DEBUG\STRINGNEW.OBJ
C:\WORKING\PROJECTFOOBAR\PFC\DEBUG\STRING.OBJ
C:\WORKING\PROJECTFOOBAR\PFC\DEBUG\SORT.OBJ
C:\WORKING\PROJECTFOOBAR\PFC\DEBUG\SELFTEST.OBJ
C:\WORKING\PROJECTFOOBAR\PFC\DEBUG\PROFILER.OBJ
C:\WORKING\PROJECTFOOBAR\PFC\DEBUG\PRINTF.OBJ
C:\WORKING\PROJECTFOOBAR\PFC\DEBUG\PATHUTILS.OBJ
C:\WORKING\PROJECTFOOBAR\PFC\DEBUG\OTHER.OBJ
C:\WORKING\PROJECTFOOBAR\PFC\DEBUG\GUID.OBJ
C:\WORKING\PROJECTFOOBAR\PFC\DEBUG\BSEARCH.OBJ
C:\WORKING\PROJECTFOOBAR\PFC\DEBUG\BASE64.OBJ
C:\WORKING\PROJECTFOOBAR\FOOBAR2000\DEBUG\PFC.LIB
C:\working\ProjectFoobar\pfc\Debug\base64.obj
C:\working\ProjectFoobar\pfc\Debug\bsearch.obj
C:\working\ProjectFoobar\pfc\Debug\guid.obj
C:\working\ProjectFoobar\pfc\Debug\other.obj
C:\working\ProjectFoobar\pfc\Debug\pathUtils.obj
C:\working\ProjectFoobar\pfc\Debug\printf.obj
C:\working\ProjectFoobar\pfc\Debug\profiler.obj
C:\working\ProjectFoobar\pfc\Debug\selftest.obj
C:\working\ProjectFoobar\pfc\Debug\sort.obj
C:\working\ProjectFoobar\pfc\Debug\stdafx.obj
C:\working\ProjectFoobar\pfc\Debug\string.obj
C:\working\ProjectFoobar\pfc\Debug\stringNew.obj
C:\working\ProjectFoobar\pfc\Debug\string_conv.obj
C:\working\ProjectFoobar\pfc\Debug\threads.obj
C:\working\ProjectFoobar\pfc\Debug\utf8.obj
C:\working\ProjectFoobar\pfc\Debug\cl.command.1.tlog
C:\working\ProjectFoobar\pfc\Debug\CL.read.1.tlog
C:\working\ProjectFoobar\pfc\Debug\CL.write.1.tlog
C:\working\ProjectFoobar\pfc\Debug\Lib-link.read.1.tlog
C:\working\ProjectFoobar\pfc\Debug\Lib-link.write.1.tlog
C:\working\ProjectFoobar\pfc\Debug\lib.command.1.tlog
C:\working\ProjectFoobar\pfc\Debug\pfc.pch
C:\working\ProjectFoobar\pfc\Debug\vc110.pdb
C:\working\ProjectFoobar\foobar2000\Debug\pfc.lib
