Build started 9/11/2013 10:26:27 PM.
     1>Project "C:\working\ProjectFoobar\pfc\pfc.vcxproj" on node 4 (Build target(s)).
     1>InitializeBuildStatus:
         Touching "x64\Debug\pfc.unsuccessfulbuild".
       ClCompile:
         All outputs are up-to-date.
         All outputs are up-to-date.
         All outputs are up-to-date.
       Lib:
         C:\Program Files\Microsoft Platform SDK\Bin\win64\x86\AMD64\Lib.exe /OUT:"C:\working\ProjectFoobar\foobar2000\x64\Debug\pfc.lib" /NOLOGO /MACHINE:X64 x64\Debug\base64.obj
         x64\Debug\bsearch.obj
         x64\Debug\guid.obj
         x64\Debug\other.obj
         x64\Debug\pathUtils.obj
         x64\Debug\printf.obj
         x64\Debug\profiler.obj
         x64\Debug\selftest.obj
         x64\Debug\sort.obj
         x64\Debug\stdafx.obj
         x64\Debug\string.obj
         x64\Debug\string_conv.obj
         x64\Debug\stringNew.obj
         x64\Debug\threads.obj
         x64\Debug\utf8.obj
     1>LIB : warning LNK4012: invalid value 'X64', must be 'AM33, AMD64, ARM, CEE, EBC, IA64, M32R, MIPS, MIPS16, MIPSFPU, MIPSFPU16, MIPSR41XX, SH4, SH5, THUMB, or X86'; option ignored
         pfc.vcxproj -> C:\working\ProjectFoobar\foobar2000\x64\Debug\pfc.lib
       FinalizeBuildStatus:
         Deleting file "x64\Debug\pfc.unsuccessfulbuild".
         Touching "x64\Debug\pfc.lastbuildstate".
     1>Done Building Project "C:\working\ProjectFoobar\pfc\pfc.vcxproj" (Build target(s)).

Build succeeded.

Time Elapsed 00:00:00.21
