C:\WORKING\PROJECTFOOBAR\PFC\X64\DEBUG\THREADS.OBJ
C:\WORKING\PROJECTFOOBAR\PFC\X64\DEBUG\STRINGNEW.OBJ
C:\WORKING\PROJECTFOOBAR\PFC\X64\DEBUG\STRING_CONV.OBJ
C:\WORKING\PROJECTFOOBAR\PFC\X64\DEBUG\SELFTEST.OBJ
C:\WORKING\PROJECTFOOBAR\PFC\X64\DEBUG\PRINTF.OBJ
C:\WORKING\PROJECTFOOBAR\PFC\X64\DEBUG\PATHUTILS.OBJ
C:\WORKING\PROJECTFOOBAR\PFC\X64\DEBUG\BASE64.OBJ
C:\WORKING\PROJECTFOOBAR\PFC\X64\DEBUG\VC110.PDB
C:\WORKING\PROJECTFOOBAR\PFC\X64\DEBUG\UTF8.OBJ
C:\WORKING\PROJECTFOOBAR\PFC\X64\DEBUG\STRING.OBJ
C:\WORKING\PROJECTFOOBAR\PFC\X64\DEBUG\SORT.OBJ
C:\WORKING\PROJECTFOOBAR\PFC\X64\DEBUG\PROFILER.OBJ
C:\WORKING\PROJECTFOOBAR\PFC\X64\DEBUG\OTHER.OBJ
C:\WORKING\PROJECTFOOBAR\PFC\X64\DEBUG\GUID.OBJ
C:\WORKING\PROJECTFOOBAR\PFC\X64\DEBUG\BSEARCH.OBJ
C:\WORKING\PROJECTFOOBAR\FOOBAR2000\X64\DEBUG\PFC.LIB
C:\working\ProjectFoobar\pfc\x64\Debug\base64.obj
C:\working\ProjectFoobar\pfc\x64\Debug\bsearch.obj
C:\working\ProjectFoobar\pfc\x64\Debug\guid.obj
C:\working\ProjectFoobar\pfc\x64\Debug\other.obj
C:\working\ProjectFoobar\pfc\x64\Debug\pathUtils.obj
C:\working\ProjectFoobar\pfc\x64\Debug\printf.obj
C:\working\ProjectFoobar\pfc\x64\Debug\profiler.obj
C:\working\ProjectFoobar\pfc\x64\Debug\selftest.obj
C:\working\ProjectFoobar\pfc\x64\Debug\sort.obj
C:\working\ProjectFoobar\pfc\x64\Debug\string.obj
C:\working\ProjectFoobar\pfc\x64\Debug\stringNew.obj
C:\working\ProjectFoobar\pfc\x64\Debug\string_conv.obj
C:\working\ProjectFoobar\pfc\x64\Debug\threads.obj
C:\working\ProjectFoobar\pfc\x64\Debug\utf8.obj
C:\working\ProjectFoobar\pfc\x64\Debug\cl.command.1.tlog
C:\working\ProjectFoobar\pfc\x64\Debug\CL.read.1.tlog
C:\working\ProjectFoobar\pfc\x64\Debug\CL.write.1.tlog
C:\working\ProjectFoobar\pfc\x64\Debug\Lib-link.read.1.tlog
C:\working\ProjectFoobar\pfc\x64\Debug\Lib-link.write.1.tlog
C:\working\ProjectFoobar\pfc\x64\Debug\lib.command.1.tlog
C:\working\ProjectFoobar\pfc\x64\Debug\vc110.pdb
C:\working\ProjectFoobar\foobar2000\x64\Debug\pfc.lib
