C:\WORKING\PROJECTFOOBAR\PFC\RELEASE\PFC.PCH
C:\WORKING\PROJECTFOOBAR\PFC\RELEASE\STDAFX.OBJ
C:\WORKING\PROJECTFOOBAR\PFC\RELEASE\VC100.PDB
C:\WORKING\PROJECTFOOBAR\PFC\RELEASE\VC110.PDB
C:\WORKING\PROJECTFOOBAR\PFC\RELEASE\UTF8.OBJ
C:\WORKING\PROJECTFOOBAR\PFC\RELEASE\THREADS.OBJ
C:\WORKING\PROJECTFOOBAR\PFC\RELEASE\STRINGNEW.OBJ
C:\WORKING\PROJECTFOOBAR\PFC\RELEASE\STRING_CONV.OBJ
C:\WORKING\PROJECTFOOBAR\PFC\RELEASE\STRING.OBJ
C:\WORKING\PROJECTFOOBAR\PFC\RELEASE\SORT.OBJ
C:\WORKING\PROJECTFOOBAR\PFC\RELEASE\SELFTEST.OBJ
C:\WORKING\PROJECTFOOBAR\PFC\RELEASE\PROFILER.OBJ
C:\WORKING\PROJECTFOOBAR\PFC\RELEASE\PRINTF.OBJ
C:\WORKING\PROJECTFOOBAR\PFC\RELEASE\PATHUTILS.OBJ
C:\WORKING\PROJECTFOOBAR\PFC\RELEASE\OTHER.OBJ
C:\WORKING\PROJECTFOOBAR\PFC\RELEASE\GUID.OBJ
C:\WORKING\PROJECTFOOBAR\PFC\RELEASE\BSEARCH.OBJ
C:\WORKING\PROJECTFOOBAR\PFC\RELEASE\BASE64.OBJ
C:\WORKING\PROJECTFOOBAR\FOOBAR2000\RELEASE\PFC.LIB
C:\working\ProjectFoobar\pfc\Release\base64.obj
C:\working\ProjectFoobar\pfc\Release\bsearch.obj
C:\working\ProjectFoobar\pfc\Release\guid.obj
C:\working\ProjectFoobar\pfc\Release\other.obj
C:\working\ProjectFoobar\pfc\Release\pathUtils.obj
C:\working\ProjectFoobar\pfc\Release\printf.obj
C:\working\ProjectFoobar\pfc\Release\profiler.obj
C:\working\ProjectFoobar\pfc\Release\selftest.obj
C:\working\ProjectFoobar\pfc\Release\sort.obj
C:\working\ProjectFoobar\pfc\Release\stdafx.obj
C:\working\ProjectFoobar\pfc\Release\string.obj
C:\working\ProjectFoobar\pfc\Release\stringNew.obj
C:\working\ProjectFoobar\pfc\Release\string_conv.obj
C:\working\ProjectFoobar\pfc\Release\threads.obj
C:\working\ProjectFoobar\pfc\Release\utf8.obj
C:\working\ProjectFoobar\pfc\Release\cl.command.1.tlog
C:\working\ProjectFoobar\pfc\Release\CL.read.1.tlog
C:\working\ProjectFoobar\pfc\Release\CL.write.1.tlog
C:\working\ProjectFoobar\pfc\Release\Lib-link.read.1.tlog
C:\working\ProjectFoobar\pfc\Release\Lib-link.write.1.tlog
C:\working\ProjectFoobar\pfc\Release\lib.command.1.tlog
C:\working\ProjectFoobar\pfc\Release\pfc.pch
C:\working\ProjectFoobar\pfc\Release\vc100.pdb
C:\working\ProjectFoobar\pfc\Release\vc110.pdb
C:\working\ProjectFoobar\foobar2000\Release\pfc.lib
